{"timestamp":"2026-04-18T14:32:06.577388Z","level":"info","event":"DAG bundles loaded: dags-folder, example_dags","logger":"airflow.dag_processing.bundles.manager.DagBundlesManager","filename":"manager.py","lineno":209}
{"timestamp":"2026-04-18T14:32:06.582800Z","level":"info","event":"Filling up the DagBag from /opt/airflow/dags/retrain_dag.py","logger":"airflow.dag_processing.dagbag.BundleDagBag","filename":"dagbag.py","lineno":469}
{"timestamp":"2026-04-18T14:32:06.779292Z","level":"info","event":"Task instance is in running state","logger":"task.stdout"}
{"timestamp":"2026-04-18T14:32:06.779855Z","level":"info","event":" Previous state of the Task instance: TaskInstanceState.QUEUED","logger":"task.stdout"}
{"timestamp":"2026-04-18T14:32:06.784492Z","level":"info","event":"Current task name:run_dvc_pipeline","logger":"task.stdout"}
{"timestamp":"2026-04-18T14:32:06.784889Z","level":"info","event":"Dag name:malaria_retraining","logger":"task.stdout"}
{"timestamp":"2026-04-18T14:32:06.786379Z","level":"info","event":"Tmp dir root location: /tmp","logger":"airflow.task.hooks.airflow.providers.standard.hooks.subprocess.SubprocessHook","filename":"subprocess.py","lineno":78}
{"timestamp":"2026-04-18T14:32:06.803330Z","level":"info","event":"Running command: ['/usr/bin/bash', '-c', 'cd /opt/project && dvc repro']","logger":"airflow.task.hooks.airflow.providers.standard.hooks.subprocess.SubprocessHook","filename":"subprocess.py","lineno":80}
{"timestamp":"2026-04-18T14:32:06.808035Z","level":"info","event":"Output:","logger":"airflow.task.hooks.airflow.providers.standard.hooks.subprocess.SubprocessHook","filename":"subprocess.py","lineno":92}
{"timestamp":"2026-04-18T14:33:31.839793Z","level":"info","event":"Running stage 'merge_feedback':","logger":"airflow.task.hooks.airflow.providers.standard.hooks.subprocess.SubprocessHook","filename":"subprocess.py","lineno":99}
{"timestamp":"2026-04-18T14:33:31.864851Z","level":"info","event":"> python src/merge_feedback.py","logger":"airflow.task.hooks.airflow.providers.standard.hooks.subprocess.SubprocessHook","filename":"subprocess.py","lineno":99}
{"timestamp":"2026-04-18T14:33:32.143950Z","level":"info","event":"✅ Copied 20 new images","logger":"airflow.task.hooks.airflow.providers.standard.hooks.subprocess.SubprocessHook","filename":"subprocess.py","lineno":99}
{"timestamp":"2026-04-18T14:33:32.145363Z","level":"info","event":"🗑️ Cleared labelled feedback after merge","logger":"airflow.task.hooks.airflow.providers.standard.hooks.subprocess.SubprocessHook","filename":"subprocess.py","lineno":99}
{"timestamp":"2026-04-18T14:33:32.252285Z","level":"info","event":"ERROR: failed to reproduce 'merge_feedback': dependency 'data/feedback/labelled' does not exist","logger":"airflow.task.hooks.airflow.providers.standard.hooks.subprocess.SubprocessHook","filename":"subprocess.py","lineno":99}
{"timestamp":"2026-04-18T14:33:33.790587Z","level":"info","event":"Command exited with return code 255","logger":"airflow.task.hooks.airflow.providers.standard.hooks.subprocess.SubprocessHook","filename":"subprocess.py","lineno":103}
{"timestamp":"2026-04-18T14:33:33.846255Z","level":"error","event":"Task failed with exception","logger":"task","filename":"task_runner.py","lineno":1325,"error_detail":[{"exc_type":"AirflowException","exc_value":"Bash command failed. The command returned a non-zero exit code 255.","exc_notes":[],"syntax_error":null,"is_cause":false,"frames":[{"filename":"/home/airflow/.local/lib/python3.13/site-packages/airflow/sdk/execution_time/task_runner.py","lineno":1263,"name":"run"},{"filename":"/home/airflow/.local/lib/python3.13/site-packages/airflow/sdk/execution_time/task_runner.py","lineno":1678,"name":"_execute_task"},{"filename":"/home/airflow/.local/lib/python3.13/site-packages/airflow/sdk/bases/operator.py","lineno":443,"name":"wrapper"},{"filename":"/home/airflow/.local/lib/python3.13/site-packages/airflow/providers/standard/operators/bash.py","lineno":226,"name":"execute"}],"is_group":false,"exceptions":[]}]}
{"timestamp":"2026-04-18T14:33:33.937634Z","level":"info","event":"Task instance in failure state","logger":"task.stdout"}
{"timestamp":"2026-04-18T14:33:33.988370Z","level":"info","event":"Task start","logger":"task.stdout"}
{"timestamp":"2026-04-18T14:33:33.991918Z","level":"info","event":"Task:<Task(BashOperator): run_dvc_pipeline>","logger":"task.stdout"}
{"timestamp":"2026-04-18T14:33:33.993006Z","level":"info","event":"Failure caused by Bash command failed. The command returned a non-zero exit code 255.","logger":"task.stdout"}
