{"timestamp":"2026-04-18T14:05:01.540866Z","level":"info","event":"DAG bundles loaded: dags-folder, example_dags","logger":"airflow.dag_processing.bundles.manager.DagBundlesManager","filename":"manager.py","lineno":209}
{"timestamp":"2026-04-18T14:05:01.543427Z","level":"info","event":"Filling up the DagBag from /opt/airflow/dags/retrain_dag.py","logger":"airflow.dag_processing.dagbag.BundleDagBag","filename":"dagbag.py","lineno":469}
{"timestamp":"2026-04-18T14:05:01.785933Z","level":"info","event":"Task instance is in running state","logger":"task.stdout"}
{"timestamp":"2026-04-18T14:05:01.786301Z","level":"info","event":" Previous state of the Task instance: TaskInstanceState.QUEUED","logger":"task.stdout"}
{"timestamp":"2026-04-18T14:05:01.786515Z","level":"info","event":"Current task name:run_dvc_pipeline","logger":"task.stdout"}
{"timestamp":"2026-04-18T14:05:01.786833Z","level":"info","event":"Dag name:malaria_retraining","logger":"task.stdout"}
{"timestamp":"2026-04-18T14:05:01.789323Z","level":"info","event":"Tmp dir root location: /tmp","logger":"airflow.task.hooks.airflow.providers.standard.hooks.subprocess.SubprocessHook","filename":"subprocess.py","lineno":78}
{"timestamp":"2026-04-18T14:05:01.793795Z","level":"info","event":"Running command: ['/usr/bin/bash', '-c', 'cd /opt/project && dvc repro']","logger":"airflow.task.hooks.airflow.providers.standard.hooks.subprocess.SubprocessHook","filename":"subprocess.py","lineno":80}
{"timestamp":"2026-04-18T14:05:01.797623Z","level":"info","event":"Output:","logger":"airflow.task.hooks.airflow.providers.standard.hooks.subprocess.SubprocessHook","filename":"subprocess.py","lineno":92}
{"timestamp":"2026-04-18T14:05:43.929646Z","level":"info","event":"Running stage 'merge_feedback':","logger":"airflow.task.hooks.airflow.providers.standard.hooks.subprocess.SubprocessHook","filename":"subprocess.py","lineno":99}
{"timestamp":"2026-04-18T14:05:43.951853Z","level":"info","event":"> python src/merge_feedback.py","logger":"airflow.task.hooks.airflow.providers.standard.hooks.subprocess.SubprocessHook","filename":"subprocess.py","lineno":99}
{"timestamp":"2026-04-18T14:05:44.039853Z","level":"info","event":"✅ Copied 0 new images","logger":"airflow.task.hooks.airflow.providers.standard.hooks.subprocess.SubprocessHook","filename":"subprocess.py","lineno":99}
{"timestamp":"2026-04-18T14:05:44.040039Z","level":"info","event":"⚠️ Nothing new copied — not deleting labelled","logger":"airflow.task.hooks.airflow.providers.standard.hooks.subprocess.SubprocessHook","filename":"subprocess.py","lineno":99}
{"timestamp":"2026-04-18T14:06:39.242643Z","level":"info","event":"Updating lock file 'dvc.lock'","logger":"airflow.task.hooks.airflow.providers.standard.hooks.subprocess.SubprocessHook","filename":"subprocess.py","lineno":99}
{"timestamp":"2026-04-18T14:06:39.276588Z","level":"info","event":"","logger":"airflow.task.hooks.airflow.providers.standard.hooks.subprocess.SubprocessHook","filename":"subprocess.py","lineno":99}
{"timestamp":"2026-04-18T14:06:41.524089Z","level":"info","event":"Stage 'eda' didn't change, skipping","logger":"airflow.task.hooks.airflow.providers.standard.hooks.subprocess.SubprocessHook","filename":"subprocess.py","lineno":99}
{"timestamp":"2026-04-18T14:07:21.481854Z","level":"info","event":"Stage 'preprocess' didn't change, skipping","logger":"airflow.task.hooks.airflow.providers.standard.hooks.subprocess.SubprocessHook","filename":"subprocess.py","lineno":99}
{"timestamp":"2026-04-18T14:08:29.452518Z","level":"info","event":"Stage 'resize' didn't change, skipping","logger":"airflow.task.hooks.airflow.providers.standard.hooks.subprocess.SubprocessHook","filename":"subprocess.py","lineno":99}
{"timestamp":"2026-04-18T14:12:02.999862Z","level":"info","event":"Stage 'augment' didn't change, skipping","logger":"airflow.task.hooks.airflow.providers.standard.hooks.subprocess.SubprocessHook","filename":"subprocess.py","lineno":99}
{"timestamp":"2026-04-18T14:12:26.335592Z","level":"info","event":"Running stage 'train':","logger":"airflow.task.hooks.airflow.providers.standard.hooks.subprocess.SubprocessHook","filename":"subprocess.py","lineno":99}
{"timestamp":"2026-04-18T14:12:26.355769Z","level":"info","event":"> python src/train.py","logger":"airflow.task.hooks.airflow.providers.standard.hooks.subprocess.SubprocessHook","filename":"subprocess.py","lineno":99}
{"timestamp":"2026-04-18T14:12:26.510517Z","level":"info","event":"Traceback (most recent call last):","logger":"airflow.task.hooks.airflow.providers.standard.hooks.subprocess.SubprocessHook","filename":"subprocess.py","lineno":99}
{"timestamp":"2026-04-18T14:12:26.521569Z","level":"info","event":"  File \"/opt/project/src/train.py\", line 4, in <module>","logger":"airflow.task.hooks.airflow.providers.standard.hooks.subprocess.SubprocessHook","filename":"subprocess.py","lineno":99}
{"timestamp":"2026-04-18T14:12:26.523487Z","level":"info","event":"    import torch","logger":"airflow.task.hooks.airflow.providers.standard.hooks.subprocess.SubprocessHook","filename":"subprocess.py","lineno":99}
{"timestamp":"2026-04-18T14:12:26.523642Z","level":"info","event":"ModuleNotFoundError: No module named 'torch'","logger":"airflow.task.hooks.airflow.providers.standard.hooks.subprocess.SubprocessHook","filename":"subprocess.py","lineno":99}
{"timestamp":"2026-04-18T14:12:26.574652Z","level":"info","event":"ERROR: failed to reproduce 'train': failed to run: python src/train.py, exited with 1","logger":"airflow.task.hooks.airflow.providers.standard.hooks.subprocess.SubprocessHook","filename":"subprocess.py","lineno":99}
{"timestamp":"2026-04-18T14:12:36.942419Z","level":"info","event":"Command exited with return code 255","logger":"airflow.task.hooks.airflow.providers.standard.hooks.subprocess.SubprocessHook","filename":"subprocess.py","lineno":103}
{"timestamp":"2026-04-18T14:12:37.104140Z","level":"error","event":"Task failed with exception","logger":"task","filename":"task_runner.py","lineno":1325,"error_detail":[{"exc_type":"AirflowException","exc_value":"Bash command failed. The command returned a non-zero exit code 255.","exc_notes":[],"syntax_error":null,"is_cause":false,"frames":[{"filename":"/home/airflow/.local/lib/python3.13/site-packages/airflow/sdk/execution_time/task_runner.py","lineno":1263,"name":"run"},{"filename":"/home/airflow/.local/lib/python3.13/site-packages/airflow/sdk/execution_time/task_runner.py","lineno":1678,"name":"_execute_task"},{"filename":"/home/airflow/.local/lib/python3.13/site-packages/airflow/sdk/bases/operator.py","lineno":443,"name":"wrapper"},{"filename":"/home/airflow/.local/lib/python3.13/site-packages/airflow/providers/standard/operators/bash.py","lineno":226,"name":"execute"}],"is_group":false,"exceptions":[]}]}
{"timestamp":"2026-04-18T14:12:37.253690Z","level":"info","event":"Task instance in failure state","logger":"task.stdout"}
{"timestamp":"2026-04-18T14:12:37.320319Z","level":"info","event":"Task start","logger":"task.stdout"}
{"timestamp":"2026-04-18T14:12:37.324399Z","level":"info","event":"Task:<Task(BashOperator): run_dvc_pipeline>","logger":"task.stdout"}
{"timestamp":"2026-04-18T14:12:37.325046Z","level":"info","event":"Failure caused by Bash command failed. The command returned a non-zero exit code 255.","logger":"task.stdout"}
